mode: set
github.com/holysoles/bot-wrangler-traefik-plugin/pkg/logger/logger.go:17.27,19.2 1 1
github.com/holysoles/bot-wrangler-traefik-plugin/pkg/logger/logger.go:22.50,33.2 6 1
github.com/holysoles/bot-wrangler-traefik-plugin/pkg/config/config.go:59.20,72.2 1 1
github.com/holysoles/bot-wrangler-traefik-plugin/pkg/config/config.go:75.41,78.16 2 1
github.com/holysoles/bot-wrangler-traefik-plugin/pkg/config/config.go:78.16,80.3 1 1
github.com/holysoles/bot-wrangler-traefik-plugin/pkg/config/config.go:82.2,82.102 1 1
github.com/holysoles/bot-wrangler-traefik-plugin/pkg/config/config.go:82.102,84.3 1 1
github.com/holysoles/bot-wrangler-traefik-plugin/pkg/config/config.go:86.2,86.106 1 1
github.com/holysoles/bot-wrangler-traefik-plugin/pkg/config/config.go:86.106,88.3 1 1
github.com/holysoles/bot-wrangler-traefik-plugin/pkg/config/config.go:90.2,90.47 1 1
github.com/holysoles/bot-wrangler-traefik-plugin/pkg/config/config.go:90.47,92.3 1 1
github.com/holysoles/bot-wrangler-traefik-plugin/pkg/config/config.go:96.2,96.25 1 1
github.com/holysoles/bot-wrangler-traefik-plugin/pkg/config/config.go:96.25,98.17 2 1
github.com/holysoles/bot-wrangler-traefik-plugin/pkg/config/config.go:98.17,100.4 1 1
github.com/holysoles/bot-wrangler-traefik-plugin/pkg/config/config.go:103.2,104.16 2 1
github.com/holysoles/bot-wrangler-traefik-plugin/pkg/config/config.go:104.16,106.3 1 1
github.com/holysoles/bot-wrangler-traefik-plugin/pkg/config/config.go:108.2,109.16 2 1
github.com/holysoles/bot-wrangler-traefik-plugin/pkg/config/config.go:109.16,111.3 1 1
github.com/holysoles/bot-wrangler-traefik-plugin/pkg/config/config.go:113.2,113.12 1 1
github.com/holysoles/bot-wrangler-traefik-plugin/pkg/proxy/proxy.go:16.30,27.2 5 1
github.com/holysoles/bot-wrangler-traefik-plugin/pkg/proxy/proxy.go:30.71,33.2 1 1
github.com/holysoles/bot-wrangler-traefik-plugin/pkg/parser/parser.go:46.48,47.25 1 1
github.com/holysoles/bot-wrangler-traefik-plugin/pkg/parser/parser.go:47.25,49.3 1 1
github.com/holysoles/bot-wrangler-traefik-plugin/pkg/parser/parser.go:52.57,56.16 3 1
github.com/holysoles/bot-wrangler-traefik-plugin/pkg/parser/parser.go:56.16,58.3 1 1
github.com/holysoles/bot-wrangler-traefik-plugin/pkg/parser/parser.go:60.2,60.35 1 1
github.com/holysoles/bot-wrangler-traefik-plugin/pkg/parser/parser.go:63.69,69.100 5 1
github.com/holysoles/bot-wrangler-traefik-plugin/pkg/parser/parser.go:69.100,71.3 1 1
github.com/holysoles/bot-wrangler-traefik-plugin/pkg/parser/parser.go:71.8,71.18 1 1
github.com/holysoles/bot-wrangler-traefik-plugin/pkg/parser/parser.go:71.18,73.17 2 1
github.com/holysoles/bot-wrangler-traefik-plugin/pkg/parser/parser.go:73.17,74.29 1 1
github.com/holysoles/bot-wrangler-traefik-plugin/pkg/parser/parser.go:74.29,76.5 1 1
github.com/holysoles/bot-wrangler-traefik-plugin/pkg/parser/parser.go:80.2,80.15 1 1
github.com/holysoles/bot-wrangler-traefik-plugin/pkg/parser/parser.go:83.65,88.12 4 1
github.com/holysoles/bot-wrangler-traefik-plugin/pkg/parser/parser.go:89.14,90.36 1 1
github.com/holysoles/bot-wrangler-traefik-plugin/pkg/parser/parser.go:91.13,92.30 1 1
github.com/holysoles/bot-wrangler-traefik-plugin/pkg/parser/parser.go:95.2,95.20 1 1
github.com/holysoles/bot-wrangler-traefik-plugin/pkg/parser/parser.go:99.59,101.22 2 1
github.com/holysoles/bot-wrangler-traefik-plugin/pkg/parser/parser.go:101.22,103.17 2 1
github.com/holysoles/bot-wrangler-traefik-plugin/pkg/parser/parser.go:103.17,105.4 1 1
github.com/holysoles/bot-wrangler-traefik-plugin/pkg/parser/parser.go:106.3,106.16 1 1
github.com/holysoles/bot-wrangler-traefik-plugin/pkg/parser/parser.go:106.16,106.40 1 1
github.com/holysoles/bot-wrangler-traefik-plugin/pkg/parser/parser.go:107.3,107.26 1 1
github.com/holysoles/bot-wrangler-traefik-plugin/pkg/parser/parser.go:107.26,109.4 1 1
github.com/holysoles/bot-wrangler-traefik-plugin/pkg/parser/parser.go:110.3,111.17 2 1
github.com/holysoles/bot-wrangler-traefik-plugin/pkg/parser/parser.go:111.17,113.4 1 1
github.com/holysoles/bot-wrangler-traefik-plugin/pkg/parser/parser.go:117.3,117.23 1 1
github.com/holysoles/bot-wrangler-traefik-plugin/pkg/parser/parser.go:117.23,119.4 1 1
github.com/holysoles/bot-wrangler-traefik-plugin/pkg/parser/parser.go:121.2,121.15 1 1
github.com/holysoles/bot-wrangler-traefik-plugin/pkg/parser/parser.go:124.50,132.15 6 1
github.com/holysoles/bot-wrangler-traefik-plugin/pkg/parser/parser.go:132.15,137.10 5 1
github.com/holysoles/bot-wrangler-traefik-plugin/pkg/parser/parser.go:138.47,142.35 4 1
github.com/holysoles/bot-wrangler-traefik-plugin/pkg/parser/parser.go:143.50,147.41 4 1
github.com/holysoles/bot-wrangler-traefik-plugin/pkg/parser/parser.go:148.11,149.12 1 1
github.com/holysoles/bot-wrangler-traefik-plugin/pkg/parser/parser.go:149.12,152.5 2 1
github.com/holysoles/bot-wrangler-traefik-plugin/pkg/parser/parser.go:153.4,154.19 2 1
github.com/holysoles/bot-wrangler-traefik-plugin/pkg/parser/parser.go:154.19,158.5 3 1
github.com/holysoles/bot-wrangler-traefik-plugin/pkg/parser/parser.go:158.10,161.5 2 1
github.com/holysoles/bot-wrangler-traefik-plugin/pkg/parser/parser.go:164.2,164.10 1 1
github.com/holysoles/bot-wrangler-traefik-plugin/pkg/parser/parser.go:164.10,166.3 1 1
github.com/holysoles/bot-wrangler-traefik-plugin/pkg/parser/parser.go:168.2,168.15 1 1
github.com/holysoles/bot-wrangler-traefik-plugin/pkg/parser/parser.go:174.50,175.27 1 1
github.com/holysoles/bot-wrangler-traefik-plugin/pkg/parser/parser.go:175.27,178.94 2 1
github.com/holysoles/bot-wrangler-traefik-plugin/pkg/parser/parser.go:178.94,179.26 1 1
github.com/holysoles/bot-wrangler-traefik-plugin/pkg/parser/parser.go:179.26,181.5 1 1
github.com/holysoles/bot-wrangler-traefik-plugin/pkg/parser/parser.go:184.2,184.12 1 1
github.com/holysoles/bot-wrangler-traefik-plugin/pkg/parser/parser.go:187.60,192.16 4 1
github.com/holysoles/bot-wrangler-traefik-plugin/pkg/parser/parser.go:192.16,194.3 1 1
github.com/holysoles/bot-wrangler-traefik-plugin/pkg/parser/parser.go:196.2,199.16 3 1
github.com/holysoles/bot-wrangler-traefik-plugin/pkg/parser/parser.go:199.16,201.3 1 1
github.com/holysoles/bot-wrangler-traefik-plugin/pkg/parser/parser.go:202.2,203.16 2 1
github.com/holysoles/bot-wrangler-traefik-plugin/pkg/parser/parser.go:203.16,205.3 1 1
github.com/holysoles/bot-wrangler-traefik-plugin/pkg/parser/parser.go:207.2,207.30 1 1
github.com/holysoles/bot-wrangler-traefik-plugin/pkg/parser/parser.go:207.30,210.3 2 1
github.com/holysoles/bot-wrangler-traefik-plugin/pkg/parser/parser.go:212.2,212.20 1 1
github.com/holysoles/bot-wrangler-traefik-plugin/wrangler.go:36.36,38.2 1 1
github.com/holysoles/bot-wrangler-traefik-plugin/wrangler.go:41.101,46.16 4 1
github.com/holysoles/bot-wrangler-traefik-plugin/wrangler.go:46.16,49.3 2 1
github.com/holysoles/bot-wrangler-traefik-plugin/wrangler.go:51.2,53.9 3 1
github.com/holysoles/bot-wrangler-traefik-plugin/wrangler.go:54.30,56.54 2 1
github.com/holysoles/bot-wrangler-traefik-plugin/wrangler.go:57.33,58.50 1 1
github.com/holysoles/bot-wrangler-traefik-plugin/wrangler.go:59.10,61.51 2 1
github.com/holysoles/bot-wrangler-traefik-plugin/wrangler.go:63.2,63.16 1 1
github.com/holysoles/bot-wrangler-traefik-plugin/wrangler.go:63.16,66.3 2 1
github.com/holysoles/bot-wrangler-traefik-plugin/wrangler.go:68.2,69.16 2 1
github.com/holysoles/bot-wrangler-traefik-plugin/wrangler.go:69.16,72.3 2 1
github.com/holysoles/bot-wrangler-traefik-plugin/wrangler.go:73.2,74.25 2 1
github.com/holysoles/bot-wrangler-traefik-plugin/wrangler.go:74.25,76.3 1 1
github.com/holysoles/bot-wrangler-traefik-plugin/wrangler.go:78.2,91.8 2 1
github.com/holysoles/bot-wrangler-traefik-plugin/wrangler.go:94.73,96.16 1 1
github.com/holysoles/bot-wrangler-traefik-plugin/wrangler.go:96.16,100.3 3 1
github.com/holysoles/bot-wrangler-traefik-plugin/wrangler.go:102.2,105.40 2 1
github.com/holysoles/bot-wrangler-traefik-plugin/wrangler.go:105.40,109.3 3 0
github.com/holysoles/bot-wrangler-traefik-plugin/wrangler.go:111.2,114.28 3 1
github.com/holysoles/bot-wrangler-traefik-plugin/wrangler.go:114.28,118.3 3 1
github.com/holysoles/bot-wrangler-traefik-plugin/wrangler.go:121.2,123.15 3 1
github.com/holysoles/bot-wrangler-traefik-plugin/wrangler.go:123.15,127.3 3 1
github.com/holysoles/bot-wrangler-traefik-plugin/wrangler.go:129.2,129.41 1 1
github.com/holysoles/bot-wrangler-traefik-plugin/wrangler.go:129.41,136.3 3 1
github.com/holysoles/bot-wrangler-traefik-plugin/wrangler.go:138.2,138.26 1 1
github.com/holysoles/bot-wrangler-traefik-plugin/wrangler.go:142.87,145.24 3 1
github.com/holysoles/bot-wrangler-traefik-plugin/wrangler.go:145.24,148.3 2 1
github.com/holysoles/bot-wrangler-traefik-plugin/wrangler.go:149.2,152.16 2 1
github.com/holysoles/bot-wrangler-traefik-plugin/wrangler.go:152.16,154.3 1 1
github.com/holysoles/bot-wrangler-traefik-plugin/wrangler.go:158.77,159.21 1 1
github.com/holysoles/bot-wrangler-traefik-plugin/wrangler.go:160.27,161.14 1 1
github.com/holysoles/bot-wrangler-traefik-plugin/wrangler.go:162.28,163.31 1 1
github.com/holysoles/bot-wrangler-traefik-plugin/wrangler.go:164.29,165.32 1 1
github.com/holysoles/bot-wrangler-traefik-plugin/wrangler.go:166.29,167.32 1 1
github.com/holysoles/bot-wrangler-traefik-plugin/wrangler.go:172.81,174.2 1 1
github.com/holysoles/bot-wrangler-traefik-plugin/wrangler.go:177.80,180.34 3 1
github.com/holysoles/bot-wrangler-traefik-plugin/wrangler.go:180.34,187.17 4 1
github.com/holysoles/bot-wrangler-traefik-plugin/wrangler.go:187.17,190.4 2 1
github.com/holysoles/bot-wrangler-traefik-plugin/wrangler.go:195.82,197.20 2 1
github.com/holysoles/bot-wrangler-traefik-plugin/wrangler.go:197.20,201.3 3 1
github.com/holysoles/bot-wrangler-traefik-plugin/wrangler.go:202.2,203.53 2 1
github.com/holysoles/bot-wrangler-traefik-plugin/pkg/botmanager/botmanager.go:22.68,36.2 6 1
github.com/holysoles/bot-wrangler-traefik-plugin/pkg/botmanager/botmanager.go:39.66,45.41 4 1
github.com/holysoles/bot-wrangler-traefik-plugin/pkg/botmanager/botmanager.go:45.41,48.3 2 1
github.com/holysoles/bot-wrangler-traefik-plugin/pkg/botmanager/botmanager.go:48.8,50.3 1 1
github.com/holysoles/bot-wrangler-traefik-plugin/pkg/botmanager/botmanager.go:52.2,52.24 1 1
github.com/holysoles/bot-wrangler-traefik-plugin/pkg/botmanager/botmanager.go:56.39,59.16 3 1
github.com/holysoles/bot-wrangler-traefik-plugin/pkg/botmanager/botmanager.go:59.16,61.3 1 1
github.com/holysoles/bot-wrangler-traefik-plugin/pkg/botmanager/botmanager.go:62.2,63.12 2 1
